<?xml version="1.0" encoding="UTF-8"?>
<!-- Generated by org.testng.reporters.JUnitReportReporter -->
<testsuite skipped="0" hostname="chauhan" name="package2.TestCases" tests="1" failures="0" timestamp="2020-06-20T12:27:32 IST" time="16.227" errors="0">
  <testcase name="TestC" time="16.227" classname="package2.TestCases"/>
  <system-out/>
</testsuite> <!-- package2.TestCases -->
